{"/Users/silvaand/Documents/projects/datastructures-es6/datastructures-es6/src/modules/linear-data-structures/components/array/array.component.js": {"path":"/Users/silvaand/Documents/projects/datastructures-es6/datastructures-es6/src/modules/linear-data-structures/components/array/array.component.js","statementMap":{"0":{"start":{"line":16,"column":8},"end":{"line":16,"column":25}},"1":{"start":{"line":17,"column":8},"end":{"line":17,"column":24}},"2":{"start":{"line":28,"column":8},"end":{"line":28,"column":59}},"3":{"start":{"line":38,"column":8},"end":{"line":38,"column":40}},"4":{"start":{"line":39,"column":8},"end":{"line":39,"column":23}},"5":{"start":{"line":49,"column":8},"end":{"line":49,"column":28}},"6":{"start":{"line":59,"column":21},"end":{"line":59,"column":47}},"7":{"start":{"line":61,"column":8},"end":{"line":61,"column":42}},"8":{"start":{"line":62,"column":8},"end":{"line":62,"column":23}},"9":{"start":{"line":64,"column":8},"end":{"line":64,"column":20}},"10":{"start":{"line":75,"column":8},"end":{"line":75,"column":33}},"11":{"start":{"line":85,"column":8},"end":{"line":85,"column":29}},"12":{"start":{"line":86,"column":8},"end":{"line":86,"column":23}},"13":{"start":{"line":88,"column":8},"end":{"line":90,"column":9}},"14":{"start":{"line":88,"column":21},"end":{"line":88,"column":22}},"15":{"start":{"line":89,"column":12},"end":{"line":89,"column":46}},"16":{"start":{"line":92,"column":8},"end":{"line":92,"column":40}},"17":{"start":{"line":94,"column":8},"end":{"line":94,"column":26}},"18":{"start":{"line":105,"column":8},"end":{"line":107,"column":9}},"19":{"start":{"line":105,"column":21},"end":{"line":105,"column":33}},"20":{"start":{"line":106,"column":12},"end":{"line":106,"column":46}},"21":{"start":{"line":109,"column":8},"end":{"line":109,"column":29}},"22":{"start":{"line":110,"column":8},"end":{"line":110,"column":23}},"23":{"start":{"line":112,"column":8},"end":{"line":112,"column":26}},"24":{"start":{"line":123,"column":8},"end":{"line":127,"column":9}},"25":{"start":{"line":123,"column":21},"end":{"line":123,"column":22}},"26":{"start":{"line":124,"column":12},"end":{"line":126,"column":13}},"27":{"start":{"line":125,"column":16},"end":{"line":125,"column":25}},"28":{"start":{"line":128,"column":8},"end":{"line":128,"column":18}},"29":{"start":{"line":138,"column":8},"end":{"line":138,"column":69}},"30":{"start":{"line":139,"column":8},"end":{"line":139,"column":26}},"31":{"start":{"line":149,"column":26},"end":{"line":149,"column":28}},"32":{"start":{"line":151,"column":8},"end":{"line":156,"column":9}},"33":{"start":{"line":151,"column":21},"end":{"line":151,"column":22}},"34":{"start":{"line":152,"column":12},"end":{"line":152,"column":46}},"35":{"start":{"line":153,"column":12},"end":{"line":155,"column":13}},"36":{"start":{"line":154,"column":16},"end":{"line":154,"column":35}},"37":{"start":{"line":158,"column":8},"end":{"line":158,"column":27}},"38":{"start":{"line":169,"column":26},"end":{"line":169,"column":28}},"39":{"start":{"line":171,"column":8},"end":{"line":176,"column":9}},"40":{"start":{"line":171,"column":21},"end":{"line":171,"column":22}},"41":{"start":{"line":172,"column":12},"end":{"line":172,"column":46}},"42":{"start":{"line":173,"column":12},"end":{"line":175,"column":13}},"43":{"start":{"line":174,"column":16},"end":{"line":174,"column":41}},"44":{"start":{"line":178,"column":8},"end":{"line":178,"column":27}},"45":{"start":{"line":190,"column":25},"end":{"line":190,"column":36}},"46":{"start":{"line":192,"column":8},"end":{"line":194,"column":9}},"47":{"start":{"line":192,"column":21},"end":{"line":192,"column":22}},"48":{"start":{"line":193,"column":12},"end":{"line":193,"column":41}},"49":{"start":{"line":196,"column":16},"end":{"line":196,"column":17}},"50":{"start":{"line":198,"column":8},"end":{"line":207,"column":9}},"51":{"start":{"line":199,"column":12},"end":{"line":205,"column":13}},"52":{"start":{"line":200,"column":16},"end":{"line":200,"column":39}},"53":{"start":{"line":202,"column":16},"end":{"line":204,"column":17}},"54":{"start":{"line":202,"column":29},"end":{"line":202,"column":30}},"55":{"start":{"line":203,"column":20},"end":{"line":203,"column":50}},"56":{"start":{"line":206,"column":12},"end":{"line":206,"column":16}},"57":{"start":{"line":209,"column":8},"end":{"line":209,"column":30}},"58":{"start":{"line":224,"column":22},"end":{"line":224,"column":33}},"59":{"start":{"line":225,"column":25},"end":{"line":225,"column":56}},"60":{"start":{"line":227,"column":8},"end":{"line":240,"column":9}},"61":{"start":{"line":227,"column":21},"end":{"line":227,"column":22}},"62":{"start":{"line":228,"column":12},"end":{"line":235,"column":13}},"63":{"start":{"line":229,"column":24},"end":{"line":229,"column":25}},"64":{"start":{"line":231,"column":16},"end":{"line":234,"column":17}},"65":{"start":{"line":232,"column":20},"end":{"line":232,"column":41}},"66":{"start":{"line":233,"column":20},"end":{"line":233,"column":24}},"67":{"start":{"line":237,"column":12},"end":{"line":239,"column":13}},"68":{"start":{"line":238,"column":16},"end":{"line":238,"column":42}},"69":{"start":{"line":242,"column":8},"end":{"line":242,"column":27}},"70":{"start":{"line":255,"column":22},"end":{"line":255,"column":33}},"71":{"start":{"line":256,"column":33},"end":{"line":256,"column":57}},"72":{"start":{"line":258,"column":8},"end":{"line":262,"column":9}},"73":{"start":{"line":258,"column":21},"end":{"line":258,"column":31}},"74":{"start":{"line":259,"column":12},"end":{"line":261,"column":13}},"75":{"start":{"line":260,"column":16},"end":{"line":260,"column":42}},"76":{"start":{"line":264,"column":8},"end":{"line":264,"column":27}}},"fnMap":{"0":{"name":"(anonymous_0)","decl":{"start":{"line":15,"column":4},"end":{"line":15,"column":5}},"loc":{"start":{"line":15,"column":18},"end":{"line":18,"column":5}},"line":15},"1":{"name":"(anonymous_1)","decl":{"start":{"line":27,"column":4},"end":{"line":27,"column":5}},"loc":{"start":{"line":27,"column":15},"end":{"line":29,"column":5}},"line":27},"2":{"name":"(anonymous_2)","decl":{"start":{"line":37,"column":4},"end":{"line":37,"column":5}},"loc":{"start":{"line":37,"column":15},"end":{"line":40,"column":5}},"line":37},"3":{"name":"(anonymous_3)","decl":{"start":{"line":48,"column":4},"end":{"line":48,"column":5}},"loc":{"start":{"line":48,"column":13},"end":{"line":50,"column":5}},"line":48},"4":{"name":"(anonymous_4)","decl":{"start":{"line":58,"column":4},"end":{"line":58,"column":5}},"loc":{"start":{"line":58,"column":10},"end":{"line":65,"column":5}},"line":58},"5":{"name":"(anonymous_5)","decl":{"start":{"line":74,"column":4},"end":{"line":74,"column":5}},"loc":{"start":{"line":74,"column":24},"end":{"line":76,"column":5}},"line":74},"6":{"name":"(anonymous_6)","decl":{"start":{"line":84,"column":4},"end":{"line":84,"column":5}},"loc":{"start":{"line":84,"column":12},"end":{"line":95,"column":5}},"line":84},"7":{"name":"(anonymous_7)","decl":{"start":{"line":104,"column":4},"end":{"line":104,"column":5}},"loc":{"start":{"line":104,"column":18},"end":{"line":113,"column":5}},"line":104},"8":{"name":"(anonymous_8)","decl":{"start":{"line":122,"column":4},"end":{"line":122,"column":5}},"loc":{"start":{"line":122,"column":15},"end":{"line":129,"column":5}},"line":122},"9":{"name":"(anonymous_9)","decl":{"start":{"line":137,"column":4},"end":{"line":137,"column":5}},"loc":{"start":{"line":137,"column":11},"end":{"line":140,"column":5}},"line":137},"10":{"name":"(anonymous_10)","decl":{"start":{"line":148,"column":4},"end":{"line":148,"column":5}},"loc":{"start":{"line":148,"column":15},"end":{"line":159,"column":5}},"line":148},"11":{"name":"(anonymous_11)","decl":{"start":{"line":168,"column":4},"end":{"line":168,"column":5}},"loc":{"start":{"line":168,"column":15},"end":{"line":179,"column":5}},"line":168},"12":{"name":"(anonymous_12)","decl":{"start":{"line":188,"column":4},"end":{"line":188,"column":5}},"loc":{"start":{"line":188,"column":20},"end":{"line":210,"column":5}},"line":188},"13":{"name":"(anonymous_13)","decl":{"start":{"line":223,"column":4},"end":{"line":223,"column":5}},"loc":{"start":{"line":223,"column":51},"end":{"line":243,"column":5}},"line":223},"14":{"name":"(anonymous_14)","decl":{"start":{"line":254,"column":4},"end":{"line":254,"column":5}},"loc":{"start":{"line":254,"column":32},"end":{"line":265,"column":5}},"line":254}},"branchMap":{"0":{"loc":{"start":{"line":28,"column":15},"end":{"line":28,"column":58}},"type":"cond-expr","locations":[{"start":{"line":28,"column":28},"end":{"line":28,"column":45}},{"start":{"line":28,"column":48},"end":{"line":28,"column":58}}],"line":28},"1":{"loc":{"start":{"line":124,"column":12},"end":{"line":126,"column":13}},"type":"if","locations":[{"start":{"line":124,"column":12},"end":{"line":126,"column":13}},{"start":{},"end":{}}],"line":124},"2":{"loc":{"start":{"line":153,"column":12},"end":{"line":155,"column":13}},"type":"if","locations":[{"start":{"line":153,"column":12},"end":{"line":155,"column":13}},{"start":{},"end":{}}],"line":153},"3":{"loc":{"start":{"line":173,"column":12},"end":{"line":175,"column":13}},"type":"if","locations":[{"start":{"line":173,"column":12},"end":{"line":175,"column":13}},{"start":{},"end":{}}],"line":173},"4":{"loc":{"start":{"line":199,"column":12},"end":{"line":205,"column":13}},"type":"if","locations":[{"start":{"line":199,"column":12},"end":{"line":205,"column":13}},{"start":{"line":201,"column":19},"end":{"line":205,"column":13}}],"line":199},"5":{"loc":{"start":{"line":228,"column":12},"end":{"line":235,"column":13}},"type":"if","locations":[{"start":{"line":228,"column":12},"end":{"line":235,"column":13}},{"start":{},"end":{}}],"line":228},"6":{"loc":{"start":{"line":237,"column":12},"end":{"line":239,"column":13}},"type":"if","locations":[{"start":{"line":237,"column":12},"end":{"line":239,"column":13}},{"start":{},"end":{}}],"line":237},"7":{"loc":{"start":{"line":237,"column":16},"end":{"line":237,"column":48}},"type":"binary-expr","locations":[{"start":{"line":237,"column":16},"end":{"line":237,"column":32}},{"start":{"line":237,"column":36},"end":{"line":237,"column":48}}],"line":237},"8":{"loc":{"start":{"line":256,"column":33},"end":{"line":256,"column":57}},"type":"binary-expr","locations":[{"start":{"line":256,"column":33},"end":{"line":256,"column":41}},{"start":{"line":256,"column":45},"end":{"line":256,"column":57}}],"line":256},"9":{"loc":{"start":{"line":259,"column":12},"end":{"line":261,"column":13}},"type":"if","locations":[{"start":{"line":259,"column":12},"end":{"line":261,"column":13}},{"start":{},"end":{}}],"line":259}},"s":{"0":6,"1":6,"2":6,"3":28,"4":28,"5":5,"6":1,"7":1,"8":1,"9":1,"10":1,"11":1,"12":1,"13":1,"14":1,"15":1,"16":1,"17":1,"18":2,"19":2,"20":5,"21":2,"22":2,"23":2,"24":2,"25":2,"26":3,"27":1,"28":1,"29":1,"30":1,"31":1,"32":1,"33":1,"34":3,"35":3,"36":2,"37":1,"38":1,"39":1,"40":1,"41":3,"42":3,"43":2,"44":1,"45":1,"46":1,"47":1,"48":3,"49":1,"50":1,"51":1,"52":0,"53":1,"54":1,"55":2,"56":1,"57":1,"58":2,"59":2,"60":2,"61":2,"62":12,"63":2,"64":2,"65":2,"66":2,"67":12,"68":10,"69":2,"70":1,"71":1,"72":1,"73":1,"74":5,"75":3,"76":1},"f":{"0":6,"1":6,"2":28,"3":5,"4":1,"5":1,"6":1,"7":2,"8":2,"9":1,"10":1,"11":1,"12":1,"13":2,"14":1},"b":{"0":[4,2],"1":[1,2],"2":[2,1],"3":[2,1],"4":[0,1],"5":[2,10],"6":[10,2],"7":[12,6],"8":[1,0],"9":[3,2]},"_coverageSchema":"1a1c01bbd47fc00a2c39e90264f33305004495a9","hash":"7dbf490412132452028cae426666dd40e23555a7"}
,"/Users/silvaand/Documents/projects/datastructures-es6/datastructures-es6/src/utils/sorting.utils.js": {"path":"/Users/silvaand/Documents/projects/datastructures-es6/datastructures-es6/src/utils/sorting.utils.js","statementMap":{"0":{"start":{"line":15,"column":21},"end":{"line":15,"column":29}},"1":{"start":{"line":16,"column":8},"end":{"line":16,"column":28}},"2":{"start":{"line":17,"column":8},"end":{"line":17,"column":24}},"3":{"start":{"line":19,"column":8},"end":{"line":19,"column":21}},"4":{"start":{"line":30,"column":8},"end":{"line":45,"column":9}},"5":{"start":{"line":31,"column":26},"end":{"line":31,"column":31}},"6":{"start":{"line":32,"column":20},"end":{"line":32,"column":24}},"7":{"start":{"line":34,"column":12},"end":{"line":39,"column":13}},"8":{"start":{"line":34,"column":25},"end":{"line":34,"column":29}},"9":{"start":{"line":35,"column":16},"end":{"line":38,"column":17}},"10":{"start":{"line":36,"column":20},"end":{"line":36,"column":61}},"11":{"start":{"line":37,"column":20},"end":{"line":37,"column":24}},"12":{"start":{"line":41,"column":12},"end":{"line":41,"column":57}},"13":{"start":{"line":43,"column":12},"end":{"line":43,"column":47}},"14":{"start":{"line":44,"column":12},"end":{"line":44,"column":48}}},"fnMap":{"0":{"name":"(anonymous_0)","decl":{"start":{"line":14,"column":4},"end":{"line":14,"column":5}},"loc":{"start":{"line":14,"column":40},"end":{"line":20,"column":5}},"line":14},"1":{"name":"(anonymous_1)","decl":{"start":{"line":29,"column":4},"end":{"line":29,"column":5}},"loc":{"start":{"line":29,"column":34},"end":{"line":46,"column":5}},"line":29}},"branchMap":{"0":{"loc":{"start":{"line":30,"column":8},"end":{"line":45,"column":9}},"type":"if","locations":[{"start":{"line":30,"column":8},"end":{"line":45,"column":9}},{"start":{},"end":{}}],"line":30},"1":{"loc":{"start":{"line":35,"column":16},"end":{"line":38,"column":17}},"type":"if","locations":[{"start":{"line":35,"column":16},"end":{"line":38,"column":17}},{"start":{},"end":{}}],"line":35}},"s":{"0":3,"1":3,"2":3,"3":3,"4":5,"5":2,"6":2,"7":2,"8":2,"9":3,"10":1,"11":1,"12":2,"13":2,"14":2},"f":{"0":3,"1":5},"b":{"0":[2,3],"1":[1,2]},"_coverageSchema":"1a1c01bbd47fc00a2c39e90264f33305004495a9","hash":"e22a32f9cdcde5e81a001fcea67f6b0b0afd662f"}
}
