TN:
SF:src/modules/linear-data-structures/components/array/array.component.js
FN:15,(anonymous_0)
FN:27,(anonymous_1)
FN:37,(anonymous_2)
FN:48,(anonymous_3)
FN:58,(anonymous_4)
FN:74,(anonymous_5)
FN:84,(anonymous_6)
FN:104,(anonymous_7)
FN:122,(anonymous_8)
FN:137,(anonymous_9)
FN:148,(anonymous_10)
FN:168,(anonymous_11)
FN:188,(anonymous_12)
FN:223,(anonymous_13)
FN:254,(anonymous_14)
FNF:15
FNH:15
FNDA:6,(anonymous_0)
FNDA:6,(anonymous_1)
FNDA:28,(anonymous_2)
FNDA:5,(anonymous_3)
FNDA:1,(anonymous_4)
FNDA:1,(anonymous_5)
FNDA:1,(anonymous_6)
FNDA:2,(anonymous_7)
FNDA:2,(anonymous_8)
FNDA:1,(anonymous_9)
FNDA:1,(anonymous_10)
FNDA:1,(anonymous_11)
FNDA:1,(anonymous_12)
FNDA:2,(anonymous_13)
FNDA:1,(anonymous_14)
DA:16,6
DA:17,6
DA:28,6
DA:38,28
DA:39,28
DA:49,5
DA:59,1
DA:61,1
DA:62,1
DA:64,1
DA:75,1
DA:85,1
DA:86,1
DA:88,1
DA:89,1
DA:92,1
DA:94,1
DA:105,2
DA:106,5
DA:109,2
DA:110,2
DA:112,2
DA:123,2
DA:124,3
DA:125,1
DA:128,1
DA:138,1
DA:139,1
DA:149,1
DA:151,1
DA:152,3
DA:153,3
DA:154,2
DA:158,1
DA:169,1
DA:171,1
DA:172,3
DA:173,3
DA:174,2
DA:178,1
DA:190,1
DA:192,1
DA:193,3
DA:196,1
DA:198,1
DA:199,1
DA:200,0
DA:202,1
DA:203,2
DA:206,1
DA:209,1
DA:224,2
DA:225,2
DA:227,2
DA:228,12
DA:229,2
DA:231,2
DA:232,2
DA:233,2
DA:237,12
DA:238,10
DA:242,2
DA:255,1
DA:256,1
DA:258,1
DA:259,5
DA:260,3
DA:264,1
LF:68
LH:67
BRDA:28,0,0,4
BRDA:28,0,1,2
BRDA:124,1,0,1
BRDA:124,1,1,2
BRDA:153,2,0,2
BRDA:153,2,1,1
BRDA:173,3,0,2
BRDA:173,3,1,1
BRDA:199,4,0,0
BRDA:199,4,1,1
BRDA:228,5,0,2
BRDA:228,5,1,10
BRDA:237,6,0,10
BRDA:237,6,1,2
BRDA:237,7,0,12
BRDA:237,7,1,6
BRDA:256,8,0,1
BRDA:256,8,1,0
BRDA:259,9,0,3
BRDA:259,9,1,2
BRF:20
BRH:18
end_of_record
TN:
SF:src/utils/sorting.utils.js
FN:14,(anonymous_0)
FN:29,(anonymous_1)
FNF:2
FNH:2
FNDA:3,(anonymous_0)
FNDA:5,(anonymous_1)
DA:15,3
DA:16,3
DA:17,3
DA:19,3
DA:30,5
DA:31,2
DA:32,2
DA:34,2
DA:35,3
DA:36,1
DA:37,1
DA:41,2
DA:43,2
DA:44,2
LF:14
LH:14
BRDA:30,0,0,2
BRDA:30,0,1,3
BRDA:35,1,0,1
BRDA:35,1,1,2
BRF:4
BRH:4
end_of_record
